<?xml version="1.0" encoding="UTF-8"?>
<testng-results skipped="0" failed="0" total="1" passed="1">
  <reporter-output>
  </reporter-output>
  <suite name="Default suite" duration-ms="26556" started-at="2017-06-20T07:06:34Z" finished-at="2017-06-20T07:07:01Z">
    <groups>
    </groups>
    <test name="Default test" duration-ms="26556" started-at="2017-06-20T07:06:34Z" finished-at="2017-06-20T07:07:01Z">
      <class name="NewMavenTest.NewMavenTest.NewTest">
        <test-method status="PASS" signature="f()[pri:0, instance:NewMavenTest.NewMavenTest.NewTest@28d25987]" name="f" duration-ms="26525" started-at="2017-06-20T12:36:34Z" finished-at="2017-06-20T12:37:01Z">
          <reporter-output>
          </reporter-output>
        </test-method> <!-- f -->
      </class> <!-- NewMavenTest.NewMavenTest.NewTest -->
    </test> <!-- Default test -->
  </suite> <!-- Default suite -->
</testng-results>
